<?xml version="1.0" encoding="UTF-8"?>
<!-- Generated by org.testng.reporters.JUnitXMLReporter -->
<testsuite ignored="2" hostname="DARRELL" failures="0" tests="1" name="Default test" time="0.42" errors="0" timestamp="2026-08-30T15:16:33 PST">
  <testcase classname="Creation.Main" name="@BeforeMethod createtest" time="-1.788074193196E9">
    <failure type="org.testng.TestNGException" message="
Parameter &amp;apos;casename&amp;apos; is required by BeforeMethod on method createtest but has not been marked @Optional or defined
in C:\Users\IVAN DARRELL\AppData\Local\Temp\testng-eclipse--1630104815\testng-customsuite.xml">
      <![CDATA[org.testng.TestNGException: 
Parameter 'casename' is required by BeforeMethod on method createtest but has not been marked @Optional or defined
in C:\Users\IVAN DARRELL\AppData\Local\Temp\testng-eclipse--1630104815\testng-customsuite.xml
at org.testng.internal.Parameters.createParams(Parameters.java:264)
at org.testng.internal.Parameters.createParametersForMethod(Parameters.java:352)
at org.testng.internal.Parameters.createParameters(Parameters.java:690)
at org.testng.internal.Parameters.createConfigurationParameters(Parameters.java:163)
at org.testng.internal.invokers.ConfigInvoker.invokeConfigurations(ConfigInvoker.java:313)
at org.testng.internal.invokers.TestInvoker.runConfigMethods(TestInvoker.java:846)
at org.testng.internal.invokers.TestInvoker.invokeMethod(TestInvoker.java:611)
at org.testng.internal.invokers.TestInvoker.invokeTestMethod(TestInvoker.java:230)
at org.testng.internal.invokers.MethodRunner.runInSequence(MethodRunner.java:63)
at org.testng.internal.invokers.TestInvoker$MethodInvocationAgent.invoke(TestInvoker.java:1005)
at org.testng.internal.invokers.TestInvoker.invokeTestMethods(TestInvoker.java:203)
at org.testng.internal.invokers.TestMethodWorker.invokeTestMethods(TestMethodWorker.java:154)
at org.testng.internal.invokers.TestMethodWorker.run(TestMethodWorker.java:134)
at java.base/java.util.ArrayList.forEach(ArrayList.java:1541)
at org.testng.TestRunner.privateRun(TestRunner.java:744)
at org.testng.TestRunner.run(TestRunner.java:616)
at org.testng.SuiteRunner.runTest(SuiteRunner.java:421)
at org.testng.SuiteRunner.runSequentially(SuiteRunner.java:413)
at org.testng.SuiteRunner.privateRun(SuiteRunner.java:373)
at org.testng.SuiteRunner.run(SuiteRunner.java:312)
at org.testng.SuiteRunnerWorker.runSuite(SuiteRunnerWorker.java:52)
at org.testng.SuiteRunnerWorker.run(SuiteRunnerWorker.java:95)
at org.testng.TestNG.runSuitesSequentially(TestNG.java:1274)
at org.testng.TestNG.runSuitesLocally(TestNG.java:1208)
at org.testng.TestNG.runSuites(TestNG.java:1112)
at org.testng.TestNG.run(TestNG.java:1079)
at org.testng.remote.AbstractRemoteTestNG.run(AbstractRemoteTestNG.java:115)
at org.testng.remote.RemoteTestNG.initAndRun(RemoteTestNG.java:293)
at org.testng.remote.RemoteTestNG.main(RemoteTestNG.java:91)
]]>
    </failure>
  </testcase> <!-- @BeforeMethod createtest -->
  <testcase classname="Creation.Youtube" name="adminlogin" time="0.0">
    <skipped/>
  </testcase> <!-- adminlogin -->
  <testcase classname="Creation.Youtube" name="userworkflow" time="0.0">
    <ignored/>
  </testcase> <!-- userworkflow -->
  <testcase classname="Creation.Youtube" name="windowhandling" time="0.0">
    <ignored/>
  </testcase> <!-- windowhandling -->
</testsuite> <!-- Default test -->
