<?xml version="1.0" encoding="UTF-8"?>
<!-- Generated by org.testng.reporters.JUnitXMLReporter -->
<testsuite ignored="2" hostname="DARRELL" failures="1" tests="1" name="Test" time="2.276" errors="0" timestamp="2026-08-17T22:42:14 PST">
  <testcase classname="Creation.Youtube" name="navigate" time="1.865">
    <failure type="java.lang.AssertionError" message="Your failure message here">
      <![CDATA[java.lang.AssertionError: Your failure message here
at Utilities.Actionspage.verifycurrentURL(Actionspage.java:341)
at Creation.Youtube.navigate(Youtube.java:89)
at java.base/java.util.ArrayList.forEach(ArrayList.java:1541)
... Removed 28 stack frames]]>
    </failure>
  </testcase> <!-- navigate -->
  <testcase classname="Creation.Youtube" name="playvideo" time="0.0">
    <ignored/>
  </testcase> <!-- playvideo -->
  <testcase classname="Creation.Youtube" name="windowhandling" time="0.0">
    <ignored/>
  </testcase> <!-- windowhandling -->
</testsuite> <!-- Test -->
