<?xml version="1.0" encoding="UTF-8"?>
<testng-results ignored="0" total="1" passed="1" failed="0" skipped="0">
  <reporter-output>
  </reporter-output>
  <suite started-at="2026-09-06T11:44:07 PST" name="Suite" finished-at="2026-09-06T11:44:41 PST" duration-ms="33980">
    <groups>
    </groups>
    <test started-at="2026-09-06T11:44:07 PST" name="Test" finished-at="2026-09-06T11:44:41 PST" duration-ms="33980">
      <class name="Creation.EcommerceTest">
        <test-method is-config="true" signature="logger()[pri:0, instance:Creation.EcommerceTest@d23e042]" started-at="2026-09-06T11:44:07 PST" name="logger" finished-at="2026-09-06T11:44:08 PST" duration-ms="178" status="PASS">
          <reporter-output>
          </reporter-output>
        </test-method> <!-- logger -->
        <test-method is-config="true" signature="test()[pri:0, instance:Creation.EcommerceTest@d23e042]" started-at="2026-09-06T11:44:08 PST" name="test" finished-at="2026-09-06T11:44:09 PST" duration-ms="1391" status="PASS">
          <reporter-output>
          </reporter-output>
        </test-method> <!-- test -->
        <test-method signature="usertest()[pri:0, instance:Creation.EcommerceTest@d23e042]" started-at="2026-09-06T11:44:09 PST" name="usertest" finished-at="2026-09-06T11:44:41 PST" duration-ms="32175" status="PASS">
          <reporter-output>
          </reporter-output>
        </test-method> <!-- usertest -->
        <test-method is-config="true" signature="flush()[pri:0, instance:Creation.EcommerceTest@d23e042]" started-at="2026-09-06T11:44:41 PST" name="flush" finished-at="2026-09-06T11:44:41 PST" duration-ms="207" status="PASS">
          <reporter-output>
          </reporter-output>
        </test-method> <!-- flush -->
      </class> <!-- Creation.EcommerceTest -->
    </test> <!-- Test -->
  </suite> <!-- Suite -->
</testng-results>
