<?xml version="1.0" encoding="UTF-8"?>
<!-- Generated by org.testng.reporters.JUnitReportReporter -->
<testsuite hostname="DARRELL" failures="0" tests="3" name="Creation.EcommerceTest" time="98.882" errors="0" timestamp="2026-09-15T09:49:03 PST" skipped="0">
  <testcase classname="Creation.EcommerceTest" name="usertest" time="32.104"/>
  <testcase classname="Creation.EcommerceTest" name="usertest" time="33.602"/>
  <testcase classname="Creation.EcommerceTest" name="usertest" time="33.176"/>
</testsuite> <!-- Creation.EcommerceTest -->
